Determining if the Q_WS_WIN exist failed with the following output:
Change Dir: /home/nvidia/Face-Recognition/build/CMakeFiles/CMakeTmp

Run Build Command:"/usr/bin/make" "cmTC_e30cc/fast"
/usr/bin/make -f CMakeFiles/cmTC_e30cc.dir/build.make CMakeFiles/cmTC_e30cc.dir/build
make[1]: Entering directory '/home/nvidia/Face-Recognition/build/CMakeFiles/CMakeTmp'
Building CXX object CMakeFiles/cmTC_e30cc.dir/CheckSymbolExists.cxx.o
/usr/bin/c++    -I/usr/include/qt4  -std=c++11    -o CMakeFiles/cmTC_e30cc.dir/CheckSymbolExists.cxx.o -c /home/nvidia/Face-Recognition/build/CMakeFiles/CMakeTmp/CheckSymbolExists.cxx
/home/nvidia/Face-Recognition/build/CMakeFiles/CMakeTmp/CheckSymbolExists.cxx: In function ‘int main(int, char**)’:
/home/nvidia/Face-Recognition/build/CMakeFiles/CMakeTmp/CheckSymbolExists.cxx:8:19: error: ‘Q_WS_WIN’ was not declared in this scope
   return ((int*)(&Q_WS_WIN))[argc];
                   ^
CMakeFiles/cmTC_e30cc.dir/build.make:65: recipe for target 'CMakeFiles/cmTC_e30cc.dir/CheckSymbolExists.cxx.o' failed
make[1]: *** [CMakeFiles/cmTC_e30cc.dir/CheckSymbolExists.cxx.o] Error 1
make[1]: Leaving directory '/home/nvidia/Face-Recognition/build/CMakeFiles/CMakeTmp'
Makefile:126: recipe for target 'cmTC_e30cc/fast' failed
make: *** [cmTC_e30cc/fast] Error 2

File /home/nvidia/Face-Recognition/build/CMakeFiles/CMakeTmp/CheckSymbolExists.cxx:
/* */
#include <QtCore/qglobal.h>

int main(int argc, char** argv)
{
  (void)argv;
#ifndef Q_WS_WIN
  return ((int*)(&Q_WS_WIN))[argc];
#else
  (void)argc;
  return 0;
#endif
}

Determining if the Q_WS_QWS exist failed with the following output:
Change Dir: /home/nvidia/Face-Recognition/build/CMakeFiles/CMakeTmp

Run Build Command:"/usr/bin/make" "cmTC_fb63c/fast"
/usr/bin/make -f CMakeFiles/cmTC_fb63c.dir/build.make CMakeFiles/cmTC_fb63c.dir/build
make[1]: Entering directory '/home/nvidia/Face-Recognition/build/CMakeFiles/CMakeTmp'
Building CXX object CMakeFiles/cmTC_fb63c.dir/CheckSymbolExists.cxx.o
/usr/bin/c++    -I/usr/include/qt4  -std=c++11    -o CMakeFiles/cmTC_fb63c.dir/CheckSymbolExists.cxx.o -c /home/nvidia/Face-Recognition/build/CMakeFiles/CMakeTmp/CheckSymbolExists.cxx
/home/nvidia/Face-Recognition/build/CMakeFiles/CMakeTmp/CheckSymbolExists.cxx: In function ‘int main(int, char**)’:
/home/nvidia/Face-Recognition/build/CMakeFiles/CMakeTmp/CheckSymbolExists.cxx:8:19: error: ‘Q_WS_QWS’ was not declared in this scope
   return ((int*)(&Q_WS_QWS))[argc];
                   ^
CMakeFiles/cmTC_fb63c.dir/build.make:65: recipe for target 'CMakeFiles/cmTC_fb63c.dir/CheckSymbolExists.cxx.o' failed
make[1]: *** [CMakeFiles/cmTC_fb63c.dir/CheckSymbolExists.cxx.o] Error 1
make[1]: Leaving directory '/home/nvidia/Face-Recognition/build/CMakeFiles/CMakeTmp'
Makefile:126: recipe for target 'cmTC_fb63c/fast' failed
make: *** [cmTC_fb63c/fast] Error 2

File /home/nvidia/Face-Recognition/build/CMakeFiles/CMakeTmp/CheckSymbolExists.cxx:
/* */
#include <QtCore/qglobal.h>

int main(int argc, char** argv)
{
  (void)argv;
#ifndef Q_WS_QWS
  return ((int*)(&Q_WS_QWS))[argc];
#else
  (void)argc;
  return 0;
#endif
}

Determining if the Q_WS_MAC exist failed with the following output:
Change Dir: /home/nvidia/Face-Recognition/build/CMakeFiles/CMakeTmp

Run Build Command:"/usr/bin/make" "cmTC_5a510/fast"
/usr/bin/make -f CMakeFiles/cmTC_5a510.dir/build.make CMakeFiles/cmTC_5a510.dir/build
make[1]: Entering directory '/home/nvidia/Face-Recognition/build/CMakeFiles/CMakeTmp'
Building CXX object CMakeFiles/cmTC_5a510.dir/CheckSymbolExists.cxx.o
/usr/bin/c++    -I/usr/include/qt4  -std=c++11    -o CMakeFiles/cmTC_5a510.dir/CheckSymbolExists.cxx.o -c /home/nvidia/Face-Recognition/build/CMakeFiles/CMakeTmp/CheckSymbolExists.cxx
/home/nvidia/Face-Recognition/build/CMakeFiles/CMakeTmp/CheckSymbolExists.cxx: In function ‘int main(int, char**)’:
/home/nvidia/Face-Recognition/build/CMakeFiles/CMakeTmp/CheckSymbolExists.cxx:8:19: error: ‘Q_WS_MAC’ was not declared in this scope
   return ((int*)(&Q_WS_MAC))[argc];
                   ^
CMakeFiles/cmTC_5a510.dir/build.make:65: recipe for target 'CMakeFiles/cmTC_5a510.dir/CheckSymbolExists.cxx.o' failed
make[1]: *** [CMakeFiles/cmTC_5a510.dir/CheckSymbolExists.cxx.o] Error 1
make[1]: Leaving directory '/home/nvidia/Face-Recognition/build/CMakeFiles/CMakeTmp'
Makefile:126: recipe for target 'cmTC_5a510/fast' failed
make: *** [cmTC_5a510/fast] Error 2

File /home/nvidia/Face-Recognition/build/CMakeFiles/CMakeTmp/CheckSymbolExists.cxx:
/* */
#include <QtCore/qglobal.h>

int main(int argc, char** argv)
{
  (void)argv;
#ifndef Q_WS_MAC
  return ((int*)(&Q_WS_MAC))[argc];
#else
  (void)argc;
  return 0;
#endif
}

Determining if the pthread_create exist failed with the following output:
Change Dir: /home/nvidia/Face-Recognition/build/CMakeFiles/CMakeTmp

Run Build Command:"/usr/bin/make" "cmTC_ba3f6/fast"
/usr/bin/make -f CMakeFiles/cmTC_ba3f6.dir/build.make CMakeFiles/cmTC_ba3f6.dir/build
make[1]: Entering directory '/home/nvidia/Face-Recognition/build/CMakeFiles/CMakeTmp'
Building C object CMakeFiles/cmTC_ba3f6.dir/CheckSymbolExists.c.o
/usr/bin/cc    -fPIC    -o CMakeFiles/cmTC_ba3f6.dir/CheckSymbolExists.c.o   -c /home/nvidia/Face-Recognition/build/CMakeFiles/CMakeTmp/CheckSymbolExists.c
Linking C executable cmTC_ba3f6
/usr/bin/cmake -E cmake_link_script CMakeFiles/cmTC_ba3f6.dir/link.txt --verbose=1
/usr/bin/cc  -fPIC     CMakeFiles/cmTC_ba3f6.dir/CheckSymbolExists.c.o  -o cmTC_ba3f6 -rdynamic 
CMakeFiles/cmTC_ba3f6.dir/CheckSymbolExists.c.o: In function `main':
CheckSymbolExists.c:(.text+0x14): undefined reference to `pthread_create'
CheckSymbolExists.c:(.text+0x18): undefined reference to `pthread_create'
collect2: error: ld returned 1 exit status
CMakeFiles/cmTC_ba3f6.dir/build.make:97: recipe for target 'cmTC_ba3f6' failed
make[1]: *** [cmTC_ba3f6] Error 1
make[1]: Leaving directory '/home/nvidia/Face-Recognition/build/CMakeFiles/CMakeTmp'
Makefile:126: recipe for target 'cmTC_ba3f6/fast' failed
make: *** [cmTC_ba3f6/fast] Error 2

File /home/nvidia/Face-Recognition/build/CMakeFiles/CMakeTmp/CheckSymbolExists.c:
/* */
#include <pthread.h>

int main(int argc, char** argv)
{
  (void)argv;
#ifndef pthread_create
  return ((int*)(&pthread_create))[argc];
#else
  (void)argc;
  return 0;
#endif
}

Determining if the function pthread_create exists in the pthreads failed with the following output:
Change Dir: /home/nvidia/Face-Recognition/build/CMakeFiles/CMakeTmp

Run Build Command:"/usr/bin/make" "cmTC_40fbe/fast"
/usr/bin/make -f CMakeFiles/cmTC_40fbe.dir/build.make CMakeFiles/cmTC_40fbe.dir/build
make[1]: Entering directory '/home/nvidia/Face-Recognition/build/CMakeFiles/CMakeTmp'
Building C object CMakeFiles/cmTC_40fbe.dir/CheckFunctionExists.c.o
/usr/bin/cc    -fPIC -DCHECK_FUNCTION_EXISTS=pthread_create   -o CMakeFiles/cmTC_40fbe.dir/CheckFunctionExists.c.o   -c /usr/share/cmake-3.5/Modules/CheckFunctionExists.c
Linking C executable cmTC_40fbe
/usr/bin/cmake -E cmake_link_script CMakeFiles/cmTC_40fbe.dir/link.txt --verbose=1
/usr/bin/cc  -fPIC -DCHECK_FUNCTION_EXISTS=pthread_create    CMakeFiles/cmTC_40fbe.dir/CheckFunctionExists.c.o  -o cmTC_40fbe -rdynamic -lpthreads 
/usr/bin/ld: cannot find -lpthreads
collect2: error: ld returned 1 exit status
CMakeFiles/cmTC_40fbe.dir/build.make:97: recipe for target 'cmTC_40fbe' failed
make[1]: *** [cmTC_40fbe] Error 1
make[1]: Leaving directory '/home/nvidia/Face-Recognition/build/CMakeFiles/CMakeTmp'
Makefile:126: recipe for target 'cmTC_40fbe/fast' failed
make: *** [cmTC_40fbe/fast] Error 2


